Intel(R) Parallel Studio XE 2018 Update 2 for Linux*
Copyright (C) 2009-2018 Intel Corporation. All rights reserved.
make: 'mandel' is up to date.
make: 'mandel-omp' is up to date.
Executing mandel sequentially
Run 0...Elapsed time = 3.07
Run 1...Elapsed time = 3.04
Run 2...Elapsed time = 3.04
ELAPSED TIME AVERAGE OF 3 EXECUTIONS =3.05000000000000000000

mandel-omp 10000 1 12 3
Starting OpenMP executions...
Executing mandel-omp with 1 threads
Run 0...Elapsed time = 3.32
Run 1...Elapsed time = 3.00
Run 2...Elapsed time = 3.30
ELAPSED TIME AVERAGE OF 3 EXECUTIONS =3.20666666666666666666

Executing mandel-omp with 2 threads
Run 0...Elapsed time = 1.93
Run 1...Elapsed time = 1.90
Run 2...Elapsed time = 1.96
ELAPSED TIME AVERAGE OF 3 EXECUTIONS =1.93000000000000000000

Executing mandel-omp with 3 threads
Run 0...Elapsed time = 1.59
Run 1...Elapsed time = 1.40
Run 2...Elapsed time = 1.59
ELAPSED TIME AVERAGE OF 3 EXECUTIONS =1.52666666666666666666

Executing mandel-omp with 4 threads
Run 0...Elapsed time = 1.37
Run 1...Elapsed time = 1.29
Run 2...Elapsed time = 1.38
ELAPSED TIME AVERAGE OF 3 EXECUTIONS =1.34666666666666666666

Executing mandel-omp with 5 threads
Run 0...Elapsed time = 1.34
Run 1...Elapsed time = 1.25
Run 2...Elapsed time = 1.29
ELAPSED TIME AVERAGE OF 3 EXECUTIONS =1.29333333333333333333

Executing mandel-omp with 6 threads
Run 0...Elapsed time = 1.14
Run 1...Elapsed time = 1.25
Run 2...Elapsed time = 1.18
ELAPSED TIME AVERAGE OF 3 EXECUTIONS =1.19000000000000000000

Executing mandel-omp with 7 threads
Run 0...Elapsed time = 1.22
Run 1...Elapsed time = 1.21
Run 2...Elapsed time = 1.21
ELAPSED TIME AVERAGE OF 3 EXECUTIONS =1.21333333333333333333

Executing mandel-omp with 8 threads
Run 0...Elapsed time = 1.26
Run 1...Elapsed time = 1.17
Run 2...Elapsed time = 1.10
ELAPSED TIME AVERAGE OF 3 EXECUTIONS =1.17666666666666666666

Executing mandel-omp with 9 threads
Run 0...Elapsed time = 1.12
Run 1...Elapsed time = 1.18
Run 2...Elapsed time = 1.23
ELAPSED TIME AVERAGE OF 3 EXECUTIONS =1.17666666666666666666

Executing mandel-omp with 10 threads
Run 0...Elapsed time = 1.26
Run 1...Elapsed time = 1.24
Run 2...Elapsed time = 1.33
ELAPSED TIME AVERAGE OF 3 EXECUTIONS =1.27666666666666666666

Executing mandel-omp with 11 threads
Run 0...Elapsed time = 1.21
Run 1...Elapsed time = 1.15
Run 2...Elapsed time = 1.14
ELAPSED TIME AVERAGE OF 3 EXECUTIONS =1.16666666666666666666

Executing mandel-omp with 12 threads
Run 0...Elapsed time = 1.29
Run 1...Elapsed time = 1.34
Run 2...Elapsed time = 1.30
ELAPSED TIME AVERAGE OF 3 EXECUTIONS =1.31000000000000000000

Resultat de l'experiment (tambe es troben a  ./elapsed.txt  i  ./speedup.txt  )
#threads	Elapsed average
1   3.20666666666666666666
2   1.93000000000000000000
3   1.52666666666666666666
4   1.34666666666666666666
5   1.29333333333333333333
6   1.19000000000000000000
7   1.21333333333333333333
8   1.17666666666666666666
9   1.17666666666666666666
10   1.27666666666666666666
11   1.16666666666666666666
12   1.31000000000000000000

#threads	Speedup
1   .95114345114345114345
2   1.58031088082901554404
3   1.99781659388646288210
4   2.26485148514851485149
5   2.35824742268041237114
6   2.56302521008403361344
7   2.51373626373626373627
8   2.59206798866855524080
9   2.59206798866855524080
10   2.38903394255874673630
11   2.61428571428571428572
12   2.32824427480916030534

